Started GET "/" for 127.0.0.1 at 2019-01-02 08:59:07 -0600
Processing by PagesController#index as HTML
  Rendering pages/index.html.erb within layouts/application
  Rendered pages/index.html.erb within layouts/application (4.1ms)
Completed 500 Internal Server Error in 367ms (ActiveRecord: 0.0ms)


  
ActionView::Template::Error (Undefined variable: "$primary".):
     5:     <%= csrf_meta_tags %>
     6:     <%= csp_meta_tag %>
     7: 
     8:     <%= stylesheet_link_tag    'application', media: 'all', 'data-turbolinks-track': 'reload' %>
     9:     <%= javascript_include_tag 'application', 'data-turbolinks-track': 'reload' %>
    10:   </head>
    11: 
  
app/assets/stylesheets/base/globals.scss:93
app/views/layouts/application.html.erb:8:in `_app_views_layouts_application_html_erb__2029433571094018291_70331234574480'
Started GET "/" for 127.0.0.1 at 2019-01-02 08:59:10 -0600
Processing by PagesController#index as HTML
  Rendering pages/index.html.erb within layouts/application
  Rendered pages/index.html.erb within layouts/application (0.2ms)
Completed 500 Internal Server Error in 29ms (ActiveRecord: 0.0ms)


  
ActionView::Template::Error (Undefined variable: "$primary".):
     5:     <%= csrf_meta_tags %>
     6:     <%= csp_meta_tag %>
     7: 
     8:     <%= stylesheet_link_tag    'application', media: 'all', 'data-turbolinks-track': 'reload' %>
     9:     <%= javascript_include_tag 'application', 'data-turbolinks-track': 'reload' %>
    10:   </head>
    11: 
  
app/assets/stylesheets/base/globals.scss:93
app/views/layouts/application.html.erb:8:in `_app_views_layouts_application_html_erb__2029433571094018291_70331246769280'
Started GET "/" for 127.0.0.1 at 2019-01-02 08:59:56 -0600
Processing by PagesController#index as HTML
  Rendering pages/index.html.erb within layouts/application
  Rendered pages/index.html.erb within layouts/application (0.3ms)
  Rendered shared/_header.html.erb (0.7ms)
Completed 500 Internal Server Error in 150ms (ActiveRecord: 0.0ms)


  
SyntaxError (/Users/pkatsaboulas/sites/clientx-dev/app/views/shared/_header.html.erb:19: syntax error, unexpected ',', expecting ')'
ppend=( image_tag("logo.png"), height: "80" );@output_buffer
                              ^
/Users/pkatsaboulas/sites/clientx-dev/app/views/shared/_header.html.erb:24: syntax error, unexpected ',', expecting ')'
end=( image_tag("avatar.png"), height: "40" );@output_buffer
                              ^):
  
app/views/shared/_header.html.erb:19: syntax error, unexpected ',', expecting ')'
app/views/shared/_header.html.erb:24: syntax error, unexpected ',', expecting ')'
app/views/layouts/application.html.erb:13:in `_app_views_layouts_application_html_erb__2029433571094018291_70331236582100'
Started GET "/" for 127.0.0.1 at 2019-01-02 09:00:33 -0600
Processing by PagesController#index as HTML
  Rendering pages/index.html.erb within layouts/application
  Rendered pages/index.html.erb within layouts/application (0.5ms)
  Rendered shared/_header.html.erb (2.6ms)
Completed 200 OK in 21ms (Views: 19.3ms | ActiveRecord: 0.0ms)


Started GET "/" for 127.0.0.1 at 2019-01-02 09:00:38 -0600
Processing by PagesController#index as HTML
  Rendering pages/index.html.erb within layouts/application
  Rendered pages/index.html.erb within layouts/application (0.4ms)
  Rendered shared/_header.html.erb (2.1ms)
Completed 200 OK in 24ms (Views: 22.2ms | ActiveRecord: 0.0ms)


Started GET "/" for 127.0.0.1 at 2019-01-02 09:00:40 -0600
Processing by PagesController#index as HTML
  Rendering pages/index.html.erb within layouts/application
  Rendered pages/index.html.erb within layouts/application (0.3ms)
  Rendered shared/_header.html.erb (1.8ms)
Completed 200 OK in 19ms (Views: 17.9ms | ActiveRecord: 0.0ms)


Started GET "/" for 127.0.0.1 at 2019-01-02 09:01:36 -0600
Processing by PagesController#index as HTML
  Rendering pages/index.html.erb within layouts/application
  Rendered pages/index.html.erb within layouts/application (0.3ms)
  Rendered shared/_header.html.erb (1.4ms)
Completed 200 OK in 321ms (Views: 319.2ms | ActiveRecord: 0.0ms)


Started GET "/" for 127.0.0.1 at 2019-01-02 09:02:39 -0600
Processing by PagesController#index as HTML
  Rendering pages/index.html.erb within layouts/application
  Rendered pages/index.html.erb within layouts/application (0.3ms)
  Rendered shared/_header.html.erb (1.6ms)
Completed 200 OK in 17ms (Views: 15.7ms | ActiveRecord: 0.0ms)


Started GET "/" for 127.0.0.1 at 2019-01-02 09:04:08 -0600
Processing by PagesController#index as HTML
  Rendering pages/index.html.erb within layouts/application
  Rendered pages/index.html.erb within layouts/application (0.2ms)
  Rendered shared/_header.html.erb (1.1ms)
Completed 200 OK in 46ms (Views: 44.4ms | ActiveRecord: 0.0ms)


Started GET "/" for 127.0.0.1 at 2019-01-02 09:07:58 -0600
Processing by PagesController#index as HTML
  Rendering pages/index.html.erb within layouts/application
  Rendered pages/index.html.erb within layouts/application (0.2ms)
  Rendered shared/_header.html.erb (2.1ms)
Completed 200 OK in 32ms (Views: 30.4ms | ActiveRecord: 0.0ms)


Started GET "/" for 127.0.0.1 at 2019-01-02 09:09:28 -0600
Processing by PagesController#index as HTML
  Rendering pages/index.html.erb within layouts/application
  Rendered pages/index.html.erb within layouts/application (0.3ms)
  Rendered shared/_header.html.erb (1.1ms)
Completed 200 OK in 16ms (Views: 14.7ms | ActiveRecord: 0.0ms)


Started GET "/" for 127.0.0.1 at 2019-01-02 09:09:30 -0600
Processing by PagesController#index as HTML
  Rendering pages/index.html.erb within layouts/application
  Rendered pages/index.html.erb within layouts/application (0.3ms)
  Rendered shared/_header.html.erb (1.2ms)
Completed 200 OK in 16ms (Views: 14.9ms | ActiveRecord: 0.0ms)


Started GET "/" for 127.0.0.1 at 2019-01-02 09:09:49 -0600
Processing by PagesController#index as HTML
  Rendering pages/index.html.erb within layouts/application
  Rendered pages/index.html.erb within layouts/application (0.4ms)
  Rendered shared/_header.html.erb (1.3ms)
Completed 200 OK in 268ms (Views: 261.3ms | ActiveRecord: 0.0ms)


Started GET "/" for 127.0.0.1 at 2019-01-02 09:16:44 -0600
Processing by PagesController#index as HTML
  Rendering pages/index.html.erb within layouts/application
  Rendered pages/index.html.erb within layouts/application (0.4ms)
  Rendered shared/_header.html.erb (1.3ms)
Completed 200 OK in 278ms (Views: 271.4ms | ActiveRecord: 0.0ms)


Started GET "/" for 127.0.0.1 at 2019-01-02 09:17:53 -0600
Processing by PagesController#index as HTML
  Rendering pages/index.html.erb within layouts/application
  Rendered pages/index.html.erb within layouts/application (0.2ms)
  Rendered shared/_header.html.erb (1.5ms)
Completed 200 OK in 96ms (Views: 94.4ms | ActiveRecord: 0.0ms)


Started GET "/" for 127.0.0.1 at 2019-01-02 09:20:02 -0600
Processing by PagesController#index as HTML
  Rendering pages/index.html.erb within layouts/application
  Rendered pages/index.html.erb within layouts/application (0.2ms)
  Rendered shared/_header.html.erb (1.5ms)
Completed 200 OK in 22ms (Views: 20.2ms | ActiveRecord: 0.0ms)


